Arguments: 
  C:\Program Files\nodejs\node.exe C:\Users\sirap\AppData\Roaming\npm\node_modules\yarn\bin\yarn.js add typescripts --dev

PATH: 
  C:\Python312\Scripts\;C:\Python312\;C:\WINDOWS\system32;C:\WINDOWS;C:\WINDOWS\System32\Wbem;C:\WINDOWS\System32\WindowsPowerShell\v1.0\;C:\WINDOWS\System32\OpenSSH\;C:\Program Files\Git\cmd;C:\Program Files\nodejs\;C:\ProgramData\chocolatey\bin;;C:\Program Files\Docker\Docker\resources\bin;C:\Users\sirap\AppData\Local\Microsoft\WindowsApps;;C:\Users\sirap\AppData\Local\Programs\Microsoft VS Code\bin;C:\Users\sirap\AppData\Roaming\npm

Yarn version: 
  1.22.19

Node version: 
  18.18.2

Platform: 
  win32 x64

Trace: 
  Error: https://registry.yarnpkg.com/typescripts: Not found
      at params.callback [as _callback] (C:\Users\sirap\AppData\Roaming\npm\node_modules\yarn\lib\cli.js:66145:18)
      at self.callback (C:\Users\sirap\AppData\Roaming\npm\node_modules\yarn\lib\cli.js:140890:22)
      at Request.emit (node:events:517:28)
      at Request.<anonymous> (C:\Users\sirap\AppData\Roaming\npm\node_modules\yarn\lib\cli.js:141862:10)
      at Request.emit (node:events:517:28)
      at IncomingMessage.<anonymous> (C:\Users\sirap\AppData\Roaming\npm\node_modules\yarn\lib\cli.js:141784:12)
      at Object.onceWrapper (node:events:631:28)
      at IncomingMessage.emit (node:events:529:35)
      at endReadableNT (node:internal/streams/readable:1368:12)
      at process.processTicksAndRejections (node:internal/process/task_queues:82:21)

npm manifest: 
  {
    "name": "SocialLoginSystem",
    "version": "1.0.0",
    "main": "index.js",
    "repository": "git@github.com:Siraphat-ohm/SocialLoginSystem.git",
    "author": "Siraphat-ohm <siraphat975@gmail.com>",
    "license": "MIT"
  }

yarn manifest: 
  No manifest

Lockfile: 
  No lockfile
